0000              1   ;--------------------------------------------------------
0000              2   ; File Created by C51
0000              3   ; Version 1.0.0 #1170 (Feb 16 2022) (MSVC)
0000              4   ; This file was generated Sun Feb 22 17:52:38 2026
0000              5   ;--------------------------------------------------------
                  5   $name lab4
                  6   $optc51 --model-small
0000              8            R_DSEG    segment data
0000              9            R_CSEG    segment code
0000             10            R_BSEG    segment bit
0000             11            R_XSEG    segment xdata
0000             12            R_PSEG    segment xdata
0000             13            R_ISEG    segment idata
0000             14            R_OSEG    segment data overlay
0000             15            BIT_BANK  segment data overlay
0000             16            R_HOME    segment code
0000             17            R_GSINIT  segment code
0000             18            R_IXSEG   segment xdata
0000             19            R_CONST   segment code
0000             20            R_XINIT   segment code
0000             21            R_DINIT   segment code
0000             22   
0000             23   ;--------------------------------------------------------
0000             24   ; Public variables in this module
0000             25   ;--------------------------------------------------------
0000             26            public _main
0000             27            public _float_to_str
0000             28            public _LCDprint
0000             29            public _LCD_4BIT
0000             30            public _WriteCommand
0000             31            public _WriteData
0000             32            public _LCD_byte
0000             33            public _LCD_pulse
0000             34            public _TIMER0_Init
0000             35            public _waitms
0000             36            public _Timer3us
0000             37            public __c51_external_startup
0000             38            public _LCDprint_PARM_3
0000             39            public _float_to_str_PARM_2
0000             40            public _LCDprint_PARM_2
0000             41            public _overflow_count
0000             42   ;--------------------------------------------------------
0000             43   ; Special Function Registers
0000             44   ;--------------------------------------------------------
0000             45   _ACC            DATA 0xe0
0000             46   _ADC0ASAH       DATA 0xb6
0000             47   _ADC0ASAL       DATA 0xb5
0000             48   _ADC0ASCF       DATA 0xa1
0000             49   _ADC0ASCT       DATA 0xc7
0000             50   _ADC0CF0        DATA 0xbc
0000             51   _ADC0CF1        DATA 0xb9
0000             52   _ADC0CF2        DATA 0xdf
0000             53   _ADC0CN0        DATA 0xe8
0000             54   _ADC0CN1        DATA 0xb2
0000             55   _ADC0CN2        DATA 0xb3
0000             56   _ADC0GTH        DATA 0xc4
0000             57   _ADC0GTL        DATA 0xc3
0000             58   _ADC0H          DATA 0xbe
0000             59   _ADC0L          DATA 0xbd
0000             60   _ADC0LTH        DATA 0xc6
0000             61   _ADC0LTL        DATA 0xc5
0000             62   _ADC0MX         DATA 0xbb
0000             63   _B              DATA 0xf0
0000             64   _CKCON0         DATA 0x8e
0000             65   _CKCON1         DATA 0xa6
0000             66   _CLEN0          DATA 0xc6
0000             67   _CLIE0          DATA 0xc7
0000             68   _CLIF0          DATA 0xe8
0000             69   _CLKSEL         DATA 0xa9
0000             70   _CLOUT0         DATA 0xd1
0000             71   _CLU0CF         DATA 0xb1
0000             72   _CLU0FN         DATA 0xaf
0000             73   _CLU0MX         DATA 0x84
0000             74   _CLU1CF         DATA 0xb3
0000             75   _CLU1FN         DATA 0xb2
0000             76   _CLU1MX         DATA 0x85
0000             77   _CLU2CF         DATA 0xb6
0000             78   _CLU2FN         DATA 0xb5
0000             79   _CLU2MX         DATA 0x91
0000             80   _CLU3CF         DATA 0xbf
0000             81   _CLU3FN         DATA 0xbe
0000             82   _CLU3MX         DATA 0xae
0000             83   _CMP0CN0        DATA 0x9b
0000             84   _CMP0CN1        DATA 0x99
0000             85   _CMP0MD         DATA 0x9d
0000             86   _CMP0MX         DATA 0x9f
0000             87   _CMP1CN0        DATA 0xbf
0000             88   _CMP1CN1        DATA 0xac
0000             89   _CMP1MD         DATA 0xab
0000             90   _CMP1MX         DATA 0xaa
0000             91   _CRC0CN0        DATA 0xce
0000             92   _CRC0CN1        DATA 0x86
0000             93   _CRC0CNT        DATA 0xd3
0000             94   _CRC0DAT        DATA 0xcb
0000             95   _CRC0FLIP       DATA 0xcf
0000             96   _CRC0IN         DATA 0xca
0000             97   _CRC0ST         DATA 0xd2
0000             98   _DAC0CF0        DATA 0x91
0000             99   _DAC0CF1        DATA 0x92
0000            100   _DAC0H          DATA 0x85
0000            101   _DAC0L          DATA 0x84
0000            102   _DAC1CF0        DATA 0x93
0000            103   _DAC1CF1        DATA 0x94
0000            104   _DAC1H          DATA 0x8a
0000            105   _DAC1L          DATA 0x89
0000            106   _DAC2CF0        DATA 0x95
0000            107   _DAC2CF1        DATA 0x96
0000            108   _DAC2H          DATA 0x8c
0000            109   _DAC2L          DATA 0x8b
0000            110   _DAC3CF0        DATA 0x9a
0000            111   _DAC3CF1        DATA 0x9c
0000            112   _DAC3H          DATA 0x8e
0000            113   _DAC3L          DATA 0x8d
0000            114   _DACGCF0        DATA 0x88
0000            115   _DACGCF1        DATA 0x98
0000            116   _DACGCF2        DATA 0xa2
0000            117   _DERIVID        DATA 0xad
0000            118   _DEVICEID       DATA 0xb5
0000            119   _DPH            DATA 0x83
0000            120   _DPL            DATA 0x82
0000            121   _EIE1           DATA 0xe6
0000            122   _EIE2           DATA 0xf3
0000            123   _EIP1           DATA 0xbb
0000            124   _EIP1H          DATA 0xee
0000            125   _EIP2           DATA 0xed
0000            126   _EIP2H          DATA 0xf6
0000            127   _EMI0CN         DATA 0xe7
0000            128   _FLKEY          DATA 0xb7
0000            129   _HFO0CAL        DATA 0xc7
0000            130   _HFO1CAL        DATA 0xd6
0000            131   _HFOCN          DATA 0xef
0000            132   _I2C0ADM        DATA 0xff
0000            133   _I2C0CN0        DATA 0xba
0000            134   _I2C0DIN        DATA 0xbc
0000            135   _I2C0DOUT       DATA 0xbb
0000            136   _I2C0FCN0       DATA 0xad
0000            137   _I2C0FCN1       DATA 0xab
0000            138   _I2C0FCT        DATA 0xf5
0000            139   _I2C0SLAD       DATA 0xbd
0000            140   _I2C0STAT       DATA 0xb9
0000            141   _IE             DATA 0xa8
0000            142   _IP             DATA 0xb8
0000            143   _IPH            DATA 0xf2
0000            144   _IT01CF         DATA 0xe4
0000            145   _LFO0CN         DATA 0xb1
0000            146   _P0             DATA 0x80
0000            147   _P0MASK         DATA 0xfe
0000            148   _P0MAT          DATA 0xfd
0000            149   _P0MDIN         DATA 0xf1
0000            150   _P0MDOUT        DATA 0xa4
0000            151   _P0SKIP         DATA 0xd4
0000            152   _P1             DATA 0x90
0000            153   _P1MASK         DATA 0xee
0000            154   _P1MAT          DATA 0xed
0000            155   _P1MDIN         DATA 0xf2
0000            156   _P1MDOUT        DATA 0xa5
0000            157   _P1SKIP         DATA 0xd5
0000            158   _P2             DATA 0xa0
0000            159   _P2MASK         DATA 0xfc
0000            160   _P2MAT          DATA 0xfb
0000            161   _P2MDIN         DATA 0xf3
0000            162   _P2MDOUT        DATA 0xa6
0000            163   _P2SKIP         DATA 0xcc
0000            164   _P3             DATA 0xb0
0000            165   _P3MDIN         DATA 0xf4
0000            166   _P3MDOUT        DATA 0x9c
0000            167   _PCA0CENT       DATA 0x9e
0000            168   _PCA0CLR        DATA 0x9c
0000            169   _PCA0CN0        DATA 0xd8
0000            170   _PCA0CPH0       DATA 0xfc
0000            171   _PCA0CPH1       DATA 0xea
0000            172   _PCA0CPH2       DATA 0xec
0000            173   _PCA0CPH3       DATA 0xf5
0000            174   _PCA0CPH4       DATA 0x85
0000            175   _PCA0CPH5       DATA 0xde
0000            176   _PCA0CPL0       DATA 0xfb
0000            177   _PCA0CPL1       DATA 0xe9
0000            178   _PCA0CPL2       DATA 0xeb
0000            179   _PCA0CPL3       DATA 0xf4
0000            180   _PCA0CPL4       DATA 0x84
0000            181   _PCA0CPL5       DATA 0xdd
0000            182   _PCA0CPM0       DATA 0xda
0000            183   _PCA0CPM1       DATA 0xdb
0000            184   _PCA0CPM2       DATA 0xdc
0000            185   _PCA0CPM3       DATA 0xae
0000            186   _PCA0CPM4       DATA 0xaf
0000            187   _PCA0CPM5       DATA 0xcc
0000            188   _PCA0H          DATA 0xfa
0000            189   _PCA0L          DATA 0xf9
0000            190   _PCA0MD         DATA 0xd9
0000            191   _PCA0POL        DATA 0x96
0000            192   _PCA0PWM        DATA 0xf7
0000            193   _PCON0          DATA 0x87
0000            194   _PCON1          DATA 0xcd
0000            195   _PFE0CN         DATA 0xc1
0000            196   _PRTDRV         DATA 0xf6
0000            197   _PSCTL          DATA 0x8f
0000            198   _PSTAT0         DATA 0xaa
0000            199   _PSW            DATA 0xd0
0000            200   _REF0CN         DATA 0xd1
0000            201   _REG0CN         DATA 0xc9
0000            202   _REVID          DATA 0xb6
0000            203   _RSTSRC         DATA 0xef
0000            204   _SBCON1         DATA 0x94
0000            205   _SBRLH1         DATA 0x96
0000            206   _SBRLL1         DATA 0x95
0000            207   _SBUF           DATA 0x99
0000            208   _SBUF0          DATA 0x99
0000            209   _SBUF1          DATA 0x92
0000            210   _SCON           DATA 0x98
0000            211   _SCON0          DATA 0x98
0000            212   _SCON1          DATA 0xc8
0000            213   _SFRPAGE        DATA 0xa7
0000            214   _SFRPGCN        DATA 0xbc
0000            215   _SFRSTACK       DATA 0xd7
0000            216   _SMB0ADM        DATA 0xd6
0000            217   _SMB0ADR        DATA 0xd7
0000            218   _SMB0CF         DATA 0xc1
0000            219   _SMB0CN0        DATA 0xc0
0000            220   _SMB0DAT        DATA 0xc2
0000            221   _SMB0FCN0       DATA 0xc3
0000            222   _SMB0FCN1       DATA 0xc4
0000            223   _SMB0FCT        DATA 0xef
0000            224   _SMB0RXLN       DATA 0xc5
0000            225   _SMB0TC         DATA 0xac
0000            226   _SMOD1          DATA 0x93
0000            227   _SP             DATA 0x81
0000            228   _SPI0CFG        DATA 0xa1
0000            229   _SPI0CKR        DATA 0xa2
0000            230   _SPI0CN0        DATA 0xf8
0000            231   _SPI0DAT        DATA 0xa3
0000            232   _SPI0FCN0       DATA 0x9a
0000            233   _SPI0FCN1       DATA 0x9b
0000            234   _SPI0FCT        DATA 0xf7
0000            235   _SPI0PCF        DATA 0xdf
0000            236   _TCON           DATA 0x88
0000            237   _TH0            DATA 0x8c
0000            238   _TH1            DATA 0x8d
0000            239   _TL0            DATA 0x8a
0000            240   _TL1            DATA 0x8b
0000            241   _TMOD           DATA 0x89
0000            242   _TMR2CN0        DATA 0xc8
0000            243   _TMR2CN1        DATA 0xfd
0000            244   _TMR2H          DATA 0xcf
0000            245   _TMR2L          DATA 0xce
0000            246   _TMR2RLH        DATA 0xcb
0000            247   _TMR2RLL        DATA 0xca
0000            248   _TMR3CN0        DATA 0x91
0000            249   _TMR3CN1        DATA 0xfe
0000            250   _TMR3H          DATA 0x95
0000            251   _TMR3L          DATA 0x94
0000            252   _TMR3RLH        DATA 0x93
0000            253   _TMR3RLL        DATA 0x92
0000            254   _TMR4CN0        DATA 0x98
0000            255   _TMR4CN1        DATA 0xff
0000            256   _TMR4H          DATA 0xa5
0000            257   _TMR4L          DATA 0xa4
0000            258   _TMR4RLH        DATA 0xa3
0000            259   _TMR4RLL        DATA 0xa2
0000            260   _TMR5CN0        DATA 0xc0
0000            261   _TMR5CN1        DATA 0xf1
0000            262   _TMR5H          DATA 0xd5
0000            263   _TMR5L          DATA 0xd4
0000            264   _TMR5RLH        DATA 0xd3
0000            265   _TMR5RLL        DATA 0xd2
0000            266   _UART0PCF       DATA 0xd9
0000            267   _UART1FCN0      DATA 0x9d
0000            268   _UART1FCN1      DATA 0xd8
0000            269   _UART1FCT       DATA 0xfa
0000            270   _UART1LIN       DATA 0x9e
0000            271   _UART1PCF       DATA 0xda
0000            272   _VDM0CN         DATA 0xff
0000            273   _WDTCN          DATA 0x97
0000            274   _XBR0           DATA 0xe1
0000            275   _XBR1           DATA 0xe2
0000            276   _XBR2           DATA 0xe3
0000            277   _XOSC0CN        DATA 0x86
0000            278   _DPTR           DATA 0x8382
0000            279   _TMR2RL         DATA 0xcbca
0000            280   _TMR3RL         DATA 0x9392
0000            281   _TMR4RL         DATA 0xa3a2
0000            282   _TMR5RL         DATA 0xd3d2
0000            283   _TMR0           DATA 0x8c8a
0000            284   _TMR1           DATA 0x8d8b
0000            285   _TMR2           DATA 0xcfce
0000            286   _TMR3           DATA 0x9594
0000            287   _TMR4           DATA 0xa5a4
0000            288   _TMR5           DATA 0xd5d4
0000            289   _SBRL1          DATA 0x9695
0000            290   _PCA0           DATA 0xfaf9
0000            291   _PCA0CP0        DATA 0xfcfb
0000            292   _PCA0CP1        DATA 0xeae9
0000            293   _PCA0CP2        DATA 0xeceb
0000            294   _PCA0CP3        DATA 0xf5f4
0000            295   _PCA0CP4        DATA 0x8584
0000            296   _PCA0CP5        DATA 0xdedd
0000            297   _ADC0ASA        DATA 0xb6b5
0000            298   _ADC0GT         DATA 0xc4c3
0000            299   _ADC0           DATA 0xbebd
0000            300   _ADC0LT         DATA 0xc6c5
0000            301   _DAC0           DATA 0x8584
0000            302   _DAC1           DATA 0x8a89
0000            303   _DAC2           DATA 0x8c8b
0000            304   _DAC3           DATA 0x8e8d
0000            305   ;--------------------------------------------------------
0000            306   ; special function bits
0000            307   ;--------------------------------------------------------
0000            308   _ACC_0          BIT 0xe0
0000            309   _ACC_1          BIT 0xe1
0000            310   _ACC_2          BIT 0xe2
0000            311   _ACC_3          BIT 0xe3
0000            312   _ACC_4          BIT 0xe4
0000            313   _ACC_5          BIT 0xe5
0000            314   _ACC_6          BIT 0xe6
0000            315   _ACC_7          BIT 0xe7
0000            316   _TEMPE          BIT 0xe8
0000            317   _ADGN0          BIT 0xe9
0000            318   _ADGN1          BIT 0xea
0000            319   _ADWINT         BIT 0xeb
0000            320   _ADBUSY         BIT 0xec
0000            321   _ADINT          BIT 0xed
0000            322   _IPOEN          BIT 0xee
0000            323   _ADEN           BIT 0xef
0000            324   _B_0            BIT 0xf0
0000            325   _B_1            BIT 0xf1
0000            326   _B_2            BIT 0xf2
0000            327   _B_3            BIT 0xf3
0000            328   _B_4            BIT 0xf4
0000            329   _B_5            BIT 0xf5
0000            330   _B_6            BIT 0xf6
0000            331   _B_7            BIT 0xf7
0000            332   _C0FIF          BIT 0xe8
0000            333   _C0RIF          BIT 0xe9
0000            334   _C1FIF          BIT 0xea
0000            335   _C1RIF          BIT 0xeb
0000            336   _C2FIF          BIT 0xec
0000            337   _C2RIF          BIT 0xed
0000            338   _C3FIF          BIT 0xee
0000            339   _C3RIF          BIT 0xef
0000            340   _D1SRC0         BIT 0x88
0000            341   _D1SRC1         BIT 0x89
0000            342   _D1AMEN         BIT 0x8a
0000            343   _D01REFSL       BIT 0x8b
0000            344   _D3SRC0         BIT 0x8c
0000            345   _D3SRC1         BIT 0x8d
0000            346   _D3AMEN         BIT 0x8e
0000            347   _D23REFSL       BIT 0x8f
0000            348   _D0UDIS         BIT 0x98
0000            349   _D1UDIS         BIT 0x99
0000            350   _D2UDIS         BIT 0x9a
0000            351   _D3UDIS         BIT 0x9b
0000            352   _EX0            BIT 0xa8
0000            353   _ET0            BIT 0xa9
0000            354   _EX1            BIT 0xaa
0000            355   _ET1            BIT 0xab
0000            356   _ES0            BIT 0xac
0000            357   _ET2            BIT 0xad
0000            358   _ESPI0          BIT 0xae
0000            359   _EA             BIT 0xaf
0000            360   _PX0            BIT 0xb8
0000            361   _PT0            BIT 0xb9
0000            362   _PX1            BIT 0xba
0000            363   _PT1            BIT 0xbb
0000            364   _PS0            BIT 0xbc
0000            365   _PT2            BIT 0xbd
0000            366   _PSPI0          BIT 0xbe
0000            367   _P0_0           BIT 0x80
0000            368   _P0_1           BIT 0x81
0000            369   _P0_2           BIT 0x82
0000            370   _P0_3           BIT 0x83
0000            371   _P0_4           BIT 0x84
0000            372   _P0_5           BIT 0x85
0000            373   _P0_6           BIT 0x86
0000            374   _P0_7           BIT 0x87
0000            375   _P1_0           BIT 0x90
0000            376   _P1_1           BIT 0x91
0000            377   _P1_2           BIT 0x92
0000            378   _P1_3           BIT 0x93
0000            379   _P1_4           BIT 0x94
0000            380   _P1_5           BIT 0x95
0000            381   _P1_6           BIT 0x96
0000            382   _P1_7           BIT 0x97
0000            383   _P2_0           BIT 0xa0
0000            384   _P2_1           BIT 0xa1
0000            385   _P2_2           BIT 0xa2
0000            386   _P2_3           BIT 0xa3
0000            387   _P2_4           BIT 0xa4
0000            388   _P2_5           BIT 0xa5
0000            389   _P2_6           BIT 0xa6
0000            390   _P3_0           BIT 0xb0
0000            391   _P3_1           BIT 0xb1
0000            392   _P3_2           BIT 0xb2
0000            393   _P3_3           BIT 0xb3
0000            394   _P3_4           BIT 0xb4
0000            395   _P3_7           BIT 0xb7
0000            396   _CCF0           BIT 0xd8
0000            397   _CCF1           BIT 0xd9
0000            398   _CCF2           BIT 0xda
0000            399   _CCF3           BIT 0xdb
0000            400   _CCF4           BIT 0xdc
0000            401   _CCF5           BIT 0xdd
0000            402   _CR             BIT 0xde
0000            403   _CF             BIT 0xdf
0000            404   _PARITY         BIT 0xd0
0000            405   _F1             BIT 0xd1
0000            406   _OV             BIT 0xd2
0000            407   _RS0            BIT 0xd3
0000            408   _RS1            BIT 0xd4
0000            409   _F0             BIT 0xd5
0000            410   _AC             BIT 0xd6
0000            411   _CY             BIT 0xd7
0000            412   _RI             BIT 0x98
0000            413   _TI             BIT 0x99
0000            414   _RB8            BIT 0x9a
0000            415   _TB8            BIT 0x9b
0000            416   _REN            BIT 0x9c
0000            417   _CE             BIT 0x9d
0000            418   _SMODE          BIT 0x9e
0000            419   _RI1            BIT 0xc8
0000            420   _TI1            BIT 0xc9
0000            421   _RBX1           BIT 0xca
0000            422   _TBX1           BIT 0xcb
0000            423   _REN1           BIT 0xcc
0000            424   _PERR1          BIT 0xcd
0000            425   _OVR1           BIT 0xce
0000            426   _SI             BIT 0xc0
0000            427   _ACK            BIT 0xc1
0000            428   _ARBLOST        BIT 0xc2
0000            429   _ACKRQ          BIT 0xc3
0000            430   _STO            BIT 0xc4
0000            431   _STA            BIT 0xc5
0000            432   _TXMODE         BIT 0xc6
0000            433   _MASTER         BIT 0xc7
0000            434   _SPIEN          BIT 0xf8
0000            435   _TXNF           BIT 0xf9
0000            436   _NSSMD0         BIT 0xfa
0000            437   _NSSMD1         BIT 0xfb
0000            438   _RXOVRN         BIT 0xfc
0000            439   _MODF           BIT 0xfd
0000            440   _WCOL           BIT 0xfe
0000            441   _SPIF           BIT 0xff
0000            442   _IT0            BIT 0x88
0000            443   _IE0            BIT 0x89
0000            444   _IT1            BIT 0x8a
0000            445   _IE1            BIT 0x8b
0000            446   _TR0            BIT 0x8c
0000            447   _TF0            BIT 0x8d
0000            448   _TR1            BIT 0x8e
0000            449   _TF1            BIT 0x8f
0000            450   _T2XCLK0        BIT 0xc8
0000            451   _T2XCLK1        BIT 0xc9
0000            452   _TR2            BIT 0xca
0000            453   _T2SPLIT        BIT 0xcb
0000            454   _TF2CEN         BIT 0xcc
0000            455   _TF2LEN         BIT 0xcd
0000            456   _TF2L           BIT 0xce
0000            457   _TF2H           BIT 0xcf
0000            458   _T4XCLK0        BIT 0x98
0000            459   _T4XCLK1        BIT 0x99
0000            460   _TR4            BIT 0x9a
0000            461   _T4SPLIT        BIT 0x9b
0000            462   _TF4CEN         BIT 0x9c
0000            463   _TF4LEN         BIT 0x9d
0000            464   _TF4L           BIT 0x9e
0000            465   _TF4H           BIT 0x9f
0000            466   _T5XCLK0        BIT 0xc0
0000            467   _T5XCLK1        BIT 0xc1
0000            468   _TR5            BIT 0xc2
0000            469   _T5SPLIT        BIT 0xc3
0000            470   _TF5CEN         BIT 0xc4
0000            471   _TF5LEN         BIT 0xc5
0000            472   _TF5L           BIT 0xc6
0000            473   _TF5H           BIT 0xc7
0000            474   _RIE            BIT 0xd8
0000            475   _RXTO0          BIT 0xd9
0000            476   _RXTO1          BIT 0xda
0000            477   _RFRQ           BIT 0xdb
0000            478   _TIE            BIT 0xdc
0000            479   _TXHOLD         BIT 0xdd
0000            480   _TXNF1          BIT 0xde
0000            481   _TFRQ           BIT 0xdf
0000            482   ;--------------------------------------------------------
0000            483   ; overlayable register banks
0000            484   ;--------------------------------------------------------
0000            485            rbank0 segment data overlay
0000            486   ;--------------------------------------------------------
0000            487   ; internal ram data
0000            488   ;--------------------------------------------------------
0000            489            rseg R_DSEG
0000            490   _overflow_count:
0000            491            ds 1
0001            492   _LCDprint_PARM_2:
0001            493            ds 1
0002            494   _float_to_str_PARM_2:
0002            495            ds 3
0005            496   _float_to_str_number_1_65:
0005            497            ds 4
0009            498   _float_to_str_temp_1_66:
0009            499            ds 16
0019            500   _float_to_str_i_1_66:
0019            501            ds 1
001A            502   _float_to_str_print_length_1_66:
001A            503            ds 1
001B            504   _main_num_buff_1_73:
001B            505            ds 10
0025            506   _main_print_buff_1_73:
0025            507            ds 17
0036            508   ;--------------------------------------------------------
0036            509   ; overlayable items in internal ram 
0036            510   ;--------------------------------------------------------
0000            511            rseg    R_OSEG
0000            512   ;--------------------------------------------------------
0000            513   ; indirectly addressable internal ram data
0000            514   ;--------------------------------------------------------
0000            515            rseg R_ISEG
0000            516   ;--------------------------------------------------------
0000            517   ; absolute internal ram data
0000            518   ;--------------------------------------------------------
0000            519            DSEG
0000            520   ;--------------------------------------------------------
0000            521   ; bit data
0000            522   ;--------------------------------------------------------
0000            523            rseg R_BSEG
0000            524   _LCDprint_PARM_3:
0000            525            DBIT    1
0001            526   ;--------------------------------------------------------
0001            527   ; paged external ram data
0001            528   ;--------------------------------------------------------
0000            529            rseg R_PSEG
0000            530   ;--------------------------------------------------------
0000            531   ; external ram data
0000            532   ;--------------------------------------------------------
0000            533            rseg R_XSEG
0000            534   ;--------------------------------------------------------
0000            535   ; absolute external ram data
0000            536   ;--------------------------------------------------------
0000            537            XSEG
0000            538   ;--------------------------------------------------------
0000            539   ; external initialized ram data
0000            540   ;--------------------------------------------------------
0000            541            rseg R_IXSEG
0000            542            rseg R_HOME
0000            543            rseg R_GSINIT
0000            544            rseg R_CSEG
0000            545   ;--------------------------------------------------------
0000            546   ; Reset entry point and interrupt vectors
0000            547   ;--------------------------------------------------------
0000            548            CSEG at 0x0000
0000 020000     549            ljmp    _crt0
0003            550   ;--------------------------------------------------------
0003            551   ; global & static initialisations
0003            552   ;--------------------------------------------------------
0000            553            rseg R_HOME
0000            554            rseg R_GSINIT
0000            555            rseg R_GSINIT
0000            556   ;--------------------------------------------------------
0000            557   ; data variables initialization
0000            558   ;--------------------------------------------------------
0000            559            rseg R_DINIT
0000            560            ; The linker places a 'ret' at the end of segment R_DINIT.
0000            561   ;--------------------------------------------------------
0000            562   ; code
0000            563   ;--------------------------------------------------------
0000            564            rseg R_CSEG
0000            565   ;------------------------------------------------------------
0000            566   ;Allocation info for local variables in function '_c51_external_startup'
0000            567   ;------------------------------------------------------------
0000            568   ;------------------------------------------------------------
0000            569   ;        D:\Coding\2026\291\lab4\lab4.c:30: char _c51_external_startup (void)
0000            570   ;        -----------------------------------------
0000            571   ;         function _c51_external_startup
0000            572   ;        -----------------------------------------
0000            573   __c51_external_startup:
0000            574            using   0
0000            575   ;        D:\Coding\2026\291\lab4\lab4.c:33: SFRPAGE = 0x00;
0000 75A700     576            mov     _SFRPAGE,#0x00
0003            577   ;        D:\Coding\2026\291\lab4\lab4.c:34: WDTCN = 0xDE; //First key
0003 7597DE     578            mov     _WDTCN,#0xDE
0006            579   ;        D:\Coding\2026\291\lab4\lab4.c:35: WDTCN = 0xAD; //Second key
0006 7597AD     580            mov     _WDTCN,#0xAD
0009            581   ;        D:\Coding\2026\291\lab4\lab4.c:37: VDM0CN |= 0x80;
0009 43FF80     582            orl     _VDM0CN,#0x80
000C            583   ;        D:\Coding\2026\291\lab4\lab4.c:38: RSTSRC = 0x02;
000C 75EF02     584            mov     _RSTSRC,#0x02
000F            585   ;        D:\Coding\2026\291\lab4\lab4.c:45: SFRPAGE = 0x10;
000F 75A710     586            mov     _SFRPAGE,#0x10
0012            587   ;        D:\Coding\2026\291\lab4\lab4.c:46: PFE0CN  = 0x20; // SYSCLK < 75 MHz.
0012 75C120     588            mov     _PFE0CN,#0x20
0015            589   ;        D:\Coding\2026\291\lab4\lab4.c:47: SFRPAGE = 0x00;
0015 75A700     590            mov     _SFRPAGE,#0x00
0018            591   ;        D:\Coding\2026\291\lab4\lab4.c:68: CLKSEL = 0x00;
0018 75A900     592            mov     _CLKSEL,#0x00
001B            593   ;        D:\Coding\2026\291\lab4\lab4.c:69: CLKSEL = 0x00;
001B 75A900     594            mov     _CLKSEL,#0x00
001E            595   ;        D:\Coding\2026\291\lab4\lab4.c:70: while ((CLKSEL & 0x80) == 0);
001E            596   L002001?:
001E E5A9       597            mov     a,_CLKSEL
0020 30E7A0     598            jnb     acc.7,L002001?
0023            599   ;        D:\Coding\2026\291\lab4\lab4.c:71: CLKSEL = 0x03;
0023 75A903     600            mov     _CLKSEL,#0x03
0026            601   ;        D:\Coding\2026\291\lab4\lab4.c:72: CLKSEL = 0x03;
0026 75A903     602            mov     _CLKSEL,#0x03
0029            603   ;        D:\Coding\2026\291\lab4\lab4.c:73: while ((CLKSEL & 0x80) == 0);
0029            604   L002004?:
0029 E5A9       605            mov     a,_CLKSEL
002B 30E720     606            jnb     acc.7,L002004?
002E            607   ;        D:\Coding\2026\291\lab4\lab4.c:78: P0MDOUT |= 0x10; // Enable UART0 TX as push-pull output
002E 43A410     608            orl     _P0MDOUT,#0x10
0031            609   ;        D:\Coding\2026\291\lab4\lab4.c:79: XBR0     = 0x01; // Enable UART0 on P0.4(TX) and P0.5(RX)                     
0031 75E101     610            mov     _XBR0,#0x01
0034            611   ;        D:\Coding\2026\291\lab4\lab4.c:80: XBR1     = 0X10; // Enable T0 on P0.0
0034 75E210     612            mov     _XBR1,#0x10
0037            613   ;        D:\Coding\2026\291\lab4\lab4.c:81: XBR2     = 0x40; // Enable crossbar and weak pull-ups
0037 75E340     614            mov     _XBR2,#0x40
003A            615   ;        D:\Coding\2026\291\lab4\lab4.c:87: SCON0 = 0x10;
003A 759810     616            mov     _SCON0,#0x10
003D            617   ;        D:\Coding\2026\291\lab4\lab4.c:88: CKCON0 |= 0b_0000_0000 ; // Timer 1 uses the system clock divided by 12.
003D 858E8E     618            mov     _CKCON0,_CKCON0
0040            619   ;        D:\Coding\2026\291\lab4\lab4.c:89: TH1 = 0x100-((SYSCLK/BAUDRATE)/(2L*12L));
0040 758DE6     620            mov     _TH1,#0xE6
0043            621   ;        D:\Coding\2026\291\lab4\lab4.c:90: TL1 = TH1;      // Init Timer1
0043 858D8B     622            mov     _TL1,_TH1
0046            623   ;        D:\Coding\2026\291\lab4\lab4.c:91: TMOD &= ~0xf0;  // TMOD: timer 1 in 8-bit auto-reload
0046 53890F     624            anl     _TMOD,#0x0F
0049            625   ;        D:\Coding\2026\291\lab4\lab4.c:92: TMOD |=  0x20;                       
0049 438920     626            orl     _TMOD,#0x20
004C            627   ;        D:\Coding\2026\291\lab4\lab4.c:93: TR1 = 1; // START Timer1
004C D28E       628            setb    _TR1
004E            629   ;        D:\Coding\2026\291\lab4\lab4.c:94: TI = 1;  // Indicate TX0 ready
004E D299       630            setb    _TI
0050            631   ;        D:\Coding\2026\291\lab4\lab4.c:96: return 0;
0050 758200     632            mov     dpl,#0x00
0053 22         633            ret
0054            634   ;------------------------------------------------------------
0054            635   ;Allocation info for local variables in function 'Timer3us'
0054            636   ;------------------------------------------------------------
0054            637   ;us                        Allocated to registers r2 
0054            638   ;i                         Allocated to registers r3 
0054            639   ;------------------------------------------------------------
0054            640   ;        D:\Coding\2026\291\lab4\lab4.c:100: void Timer3us(unsigned char us)
0054            641   ;        -----------------------------------------
0054            642   ;         function Timer3us
0054            643   ;        -----------------------------------------
0054            644   _Timer3us:
0054 AA82       645            mov     r2,dpl
0056            646   ;        D:\Coding\2026\291\lab4\lab4.c:105: CKCON0|=0b_0100_0000;
0056 438E40     647            orl     _CKCON0,#0x40
0059            648   ;        D:\Coding\2026\291\lab4\lab4.c:107: TMR3RL = (-(SYSCLK)/1000000L); // Set Timer3 to overflow in 1us.
0059 7592B8     649            mov     _TMR3RL,#0xB8
005C 7593FF     650            mov     (_TMR3RL >> 8),#0xFF
005F            651   ;        D:\Coding\2026\291\lab4\lab4.c:108: TMR3 = TMR3RL;                 // Initialize Timer3 for first overflow
005F 859294     652            mov     _TMR3,_TMR3RL
0062 859395     653            mov     (_TMR3 >> 8),(_TMR3RL >> 8)
0065            654   ;        D:\Coding\2026\291\lab4\lab4.c:110: TMR3CN0 = 0x04;                 // Sart Timer3 and clear overflow flag
0065 759104     655            mov     _TMR3CN0,#0x04
0068            656   ;        D:\Coding\2026\291\lab4\lab4.c:111: for (i = 0; i < us; i++)       // Count <us> overflows
0068 7B00       657            mov     r3,#0x00
006A            658   L003006?:
006A C3         659            clr     c
006B EB         660            mov     a,r3
006C 9A         661            subb    a,r2
006D 5000       662            jnc     L003009?
006F            663   ;        D:\Coding\2026\291\lab4\lab4.c:113: while (!(TMR3CN0 & 0x80));  // Wait for overflow
006F            664   L003001?:
006F E591       665            mov     a,_TMR3CN0
0071 30E720     666            jnb     acc.7,L003001?
0074            667   ;        D:\Coding\2026\291\lab4\lab4.c:114: TMR3CN0 &= ~(0x80);         // Clear overflow indicator
0074 53917F     668            anl     _TMR3CN0,#0x7F
0077            669   ;        D:\Coding\2026\291\lab4\lab4.c:115: if (TF0)
0077            670   ;        D:\Coding\2026\291\lab4\lab4.c:117: TF0=0;
0077 108D60     671            jbc     _TF0,L003019?
007A 8000       672            sjmp    L003008?
007C            673   L003019?:
007C            674   ;        D:\Coding\2026\291\lab4\lab4.c:118: overflow_count++;
007C 0580       675            inc     _overflow_count
007E            676   L003008?:
007E            677   ;        D:\Coding\2026\291\lab4\lab4.c:111: for (i = 0; i < us; i++)       // Count <us> overflows
007E 0B         678            inc     r3
007F 8000       679            sjmp    L003006?
0081            680   L003009?:
0081            681   ;        D:\Coding\2026\291\lab4\lab4.c:121: TMR3CN0 = 0 ;                   // Stop Timer3 and clear overflow flag
0081 759100     682            mov     _TMR3CN0,#0x00
0084 22         683            ret
0085            684   ;------------------------------------------------------------
0085            685   ;Allocation info for local variables in function 'waitms'
0085            686   ;------------------------------------------------------------
0085            687   ;ms                        Allocated to registers r2 r3 
0085            688   ;j                         Allocated to registers r2 r3 
0085            689   ;------------------------------------------------------------
0085            690   ;        D:\Coding\2026\291\lab4\lab4.c:124: void waitms (unsigned int ms)
0085            691   ;        -----------------------------------------
0085            692   ;         function waitms
0085            693   ;        -----------------------------------------
0085            694   _waitms:
0085 AA82       695            mov     r2,dpl
0087 AB83       696            mov     r3,dph
0089            697   ;        D:\Coding\2026\291\lab4\lab4.c:127: for(j=ms; j!=0; j--)
0089            698   L004001?:
0089 BA0060     699            cjne    r2,#0x00,L004010?
008C BB0060     700            cjne    r3,#0x00,L004010?
008F 22         701            ret
0090            702   L004010?:
0090            703   ;        D:\Coding\2026\291\lab4\lab4.c:129: Timer3us(249);
0090 7582F9     704            mov     dpl,#0xF9
0093 C002       705            push    ar2
0095 C003       706            push    ar3
0097 120000     707            lcall   _Timer3us
009A            708   ;        D:\Coding\2026\291\lab4\lab4.c:130: Timer3us(249);
009A 7582F9     709            mov     dpl,#0xF9
009D 120000     710            lcall   _Timer3us
00A0            711   ;        D:\Coding\2026\291\lab4\lab4.c:131: Timer3us(249);
00A0 7582F9     712            mov     dpl,#0xF9
00A3 120000     713            lcall   _Timer3us
00A6            714   ;        D:\Coding\2026\291\lab4\lab4.c:132: Timer3us(250);
00A6 7582FA     715            mov     dpl,#0xFA
00A9 120000     716            lcall   _Timer3us
00AC D003       717            pop     ar3
00AE D002       718            pop     ar2
00B0            719   ;        D:\Coding\2026\291\lab4\lab4.c:127: for(j=ms; j!=0; j--)
00B0 1A         720            dec     r2
00B1 BAFFA0     721            cjne    r2,#0xff,L004011?
00B4 1B         722            dec     r3
00B5            723   L004011?:
00B5 8000       724            sjmp    L004001?
00B7            725   ;------------------------------------------------------------
00B7            726   ;Allocation info for local variables in function 'TIMER0_Init'
00B7            727   ;------------------------------------------------------------
00B7            728   ;------------------------------------------------------------
00B7            729   ;        D:\Coding\2026\291\lab4\lab4.c:136: void TIMER0_Init(void)
00B7            730   ;        -----------------------------------------
00B7            731   ;         function TIMER0_Init
00B7            732   ;        -----------------------------------------
00B7            733   _TIMER0_Init:
00B7            734   ;        D:\Coding\2026\291\lab4\lab4.c:138: TMOD&=0b_1111_0000; // Set the bits of Timer/Counter 0 to zero
00B7 5389F0     735            anl     _TMOD,#0xF0
00BA            736   ;        D:\Coding\2026\291\lab4\lab4.c:139: TMOD|=0b_0000_0101; // Timer/Counter 0 used as a 16-bit counter
00BA 438905     737            orl     _TMOD,#0x05
00BD            738   ;        D:\Coding\2026\291\lab4\lab4.c:140: TR0=0; // Stop Timer/Counter 0
00BD C28C       739            clr     _TR0
00BF 22         740            ret
00C0            741   ;------------------------------------------------------------
00C0            742   ;Allocation info for local variables in function 'LCD_pulse'
00C0            743   ;------------------------------------------------------------
00C0            744   ;------------------------------------------------------------
00C0            745   ;        D:\Coding\2026\291\lab4\lab4.c:143: void LCD_pulse (void)
00C0            746   ;        -----------------------------------------
00C0            747   ;         function LCD_pulse
00C0            748   ;        -----------------------------------------
00C0            749   _LCD_pulse:
00C0            750   ;        D:\Coding\2026\291\lab4\lab4.c:145: LCD_E=1;
00C0 D2A0       751            setb    _P2_0
00C2            752   ;        D:\Coding\2026\291\lab4\lab4.c:146: Timer3us(40);
00C2 758228     753            mov     dpl,#0x28
00C5 120000     754            lcall   _Timer3us
00C8            755   ;        D:\Coding\2026\291\lab4\lab4.c:147: LCD_E=0;
00C8 C2A0       756            clr     _P2_0
00CA 22         757            ret
00CB            758   ;------------------------------------------------------------
00CB            759   ;Allocation info for local variables in function 'LCD_byte'
00CB            760   ;------------------------------------------------------------
00CB            761   ;x                         Allocated to registers r2 
00CB            762   ;------------------------------------------------------------
00CB            763   ;        D:\Coding\2026\291\lab4\lab4.c:150: void LCD_byte (unsigned char x)
00CB            764   ;        -----------------------------------------
00CB            765   ;         function LCD_byte
00CB            766   ;        -----------------------------------------
00CB            767   _LCD_byte:
00CB AA82       768            mov     r2,dpl
00CD            769   ;        D:\Coding\2026\291\lab4\lab4.c:153: ACC=x; //Send high nible
00CD 8AE0       770            mov     _ACC,r2
00CF            771   ;        D:\Coding\2026\291\lab4\lab4.c:154: LCD_D7=ACC_7;
00CF A2E7       772            mov     c,_ACC_7
00D1 9290       773            mov     _P1_0,c
00D3            774   ;        D:\Coding\2026\291\lab4\lab4.c:155: LCD_D6=ACC_6;
00D3 A2E6       775            mov     c,_ACC_6
00D5 9291       776            mov     _P1_1,c
00D7            777   ;        D:\Coding\2026\291\lab4\lab4.c:156: LCD_D5=ACC_5;
00D7 A2E5       778            mov     c,_ACC_5
00D9 9292       779            mov     _P1_2,c
00DB            780   ;        D:\Coding\2026\291\lab4\lab4.c:157: LCD_D4=ACC_4;
00DB A2E4       781            mov     c,_ACC_4
00DD 9293       782            mov     _P1_3,c
00DF            783   ;        D:\Coding\2026\291\lab4\lab4.c:158: LCD_pulse();
00DF C002       784            push    ar2
00E1 120000     785            lcall   _LCD_pulse
00E4            786   ;        D:\Coding\2026\291\lab4\lab4.c:159: Timer3us(40);
00E4 758228     787            mov     dpl,#0x28
00E7 120000     788            lcall   _Timer3us
00EA D002       789            pop     ar2
00EC            790   ;        D:\Coding\2026\291\lab4\lab4.c:160: ACC=x; //Send low nible
00EC 8AE0       791            mov     _ACC,r2
00EE            792   ;        D:\Coding\2026\291\lab4\lab4.c:161: LCD_D7=ACC_3;
00EE A2E3       793            mov     c,_ACC_3
00F0 9290       794            mov     _P1_0,c
00F2            795   ;        D:\Coding\2026\291\lab4\lab4.c:162: LCD_D6=ACC_2;
00F2 A2E2       796            mov     c,_ACC_2
00F4 9291       797            mov     _P1_1,c
00F6            798   ;        D:\Coding\2026\291\lab4\lab4.c:163: LCD_D5=ACC_1;
00F6 A2E1       799            mov     c,_ACC_1
00F8 9292       800            mov     _P1_2,c
00FA            801   ;        D:\Coding\2026\291\lab4\lab4.c:164: LCD_D4=ACC_0;
00FA A2E0       802            mov     c,_ACC_0
00FC 9293       803            mov     _P1_3,c
00FE            804   ;        D:\Coding\2026\291\lab4\lab4.c:165: LCD_pulse();
00FE 020000     805            ljmp    _LCD_pulse
0101            806   ;------------------------------------------------------------
0101            807   ;Allocation info for local variables in function 'WriteData'
0101            808   ;------------------------------------------------------------
0101            809   ;x                         Allocated to registers r2 
0101            810   ;------------------------------------------------------------
0101            811   ;        D:\Coding\2026\291\lab4\lab4.c:168: void WriteData (unsigned char x)
0101            812   ;        -----------------------------------------
0101            813   ;         function WriteData
0101            814   ;        -----------------------------------------
0101            815   _WriteData:
0101 AA82       816            mov     r2,dpl
0103            817   ;        D:\Coding\2026\291\lab4\lab4.c:170: LCD_RS=1;
0103 D297       818            setb    _P1_7
0105            819   ;        D:\Coding\2026\291\lab4\lab4.c:171: LCD_byte(x);
0105 8A82       820            mov     dpl,r2
0107 120000     821            lcall   _LCD_byte
010A            822   ;        D:\Coding\2026\291\lab4\lab4.c:172: waitms(2);
010A 900002     823            mov     dptr,#0x0002
010D 020000     824            ljmp    _waitms
0110            825   ;------------------------------------------------------------
0110            826   ;Allocation info for local variables in function 'WriteCommand'
0110            827   ;------------------------------------------------------------
0110            828   ;x                         Allocated to registers r2 
0110            829   ;------------------------------------------------------------
0110            830   ;        D:\Coding\2026\291\lab4\lab4.c:175: void WriteCommand (unsigned char x)
0110            831   ;        -----------------------------------------
0110            832   ;         function WriteCommand
0110            833   ;        -----------------------------------------
0110            834   _WriteCommand:
0110 AA82       835            mov     r2,dpl
0112            836   ;        D:\Coding\2026\291\lab4\lab4.c:177: LCD_RS=0;
0112 C297       837            clr     _P1_7
0114            838   ;        D:\Coding\2026\291\lab4\lab4.c:178: LCD_byte(x);
0114 8A82       839            mov     dpl,r2
0116 120000     840            lcall   _LCD_byte
0119            841   ;        D:\Coding\2026\291\lab4\lab4.c:179: waitms(5);
0119 900005     842            mov     dptr,#0x0005
011C 020000     843            ljmp    _waitms
011F            844   ;------------------------------------------------------------
011F            845   ;Allocation info for local variables in function 'LCD_4BIT'
011F            846   ;------------------------------------------------------------
011F            847   ;------------------------------------------------------------
011F            848   ;        D:\Coding\2026\291\lab4\lab4.c:182: void LCD_4BIT (void)
011F            849   ;        -----------------------------------------
011F            850   ;         function LCD_4BIT
011F            851   ;        -----------------------------------------
011F            852   _LCD_4BIT:
011F            853   ;        D:\Coding\2026\291\lab4\lab4.c:184: LCD_E=0; // Resting state of LCD's enable is zero
011F C2A0       854            clr     _P2_0
0121            855   ;        D:\Coding\2026\291\lab4\lab4.c:186: waitms(20);
0121 900014     856            mov     dptr,#0x0014
0124 120000     857            lcall   _waitms
0127            858   ;        D:\Coding\2026\291\lab4\lab4.c:188: WriteCommand(0x33);
0127 758233     859            mov     dpl,#0x33
012A 120000     860            lcall   _WriteCommand
012D            861   ;        D:\Coding\2026\291\lab4\lab4.c:189: WriteCommand(0x33);
012D 758233     862            mov     dpl,#0x33
0130 120000     863            lcall   _WriteCommand
0133            864   ;        D:\Coding\2026\291\lab4\lab4.c:190: WriteCommand(0x32); // Change to 4-bit mode
0133 758232     865            mov     dpl,#0x32
0136 120000     866            lcall   _WriteCommand
0139            867   ;        D:\Coding\2026\291\lab4\lab4.c:193: WriteCommand(0x28);
0139 758228     868            mov     dpl,#0x28
013C 120000     869            lcall   _WriteCommand
013F            870   ;        D:\Coding\2026\291\lab4\lab4.c:194: WriteCommand(0x0c);
013F 75820C     871            mov     dpl,#0x0C
0142 120000     872            lcall   _WriteCommand
0145            873   ;        D:\Coding\2026\291\lab4\lab4.c:195: WriteCommand(0x01); // Clear screen command (takes some time)
0145 758201     874            mov     dpl,#0x01
0148 120000     875            lcall   _WriteCommand
014B            876   ;        D:\Coding\2026\291\lab4\lab4.c:196: waitms(20); // Wait for clear screen command to finsih.
014B 900014     877            mov     dptr,#0x0014
014E 020000     878            ljmp    _waitms
0151            879   ;------------------------------------------------------------
0151            880   ;Allocation info for local variables in function 'LCDprint'
0151            881   ;------------------------------------------------------------
0151            882   ;line                      Allocated with name '_LCDprint_PARM_2'
0151            883   ;string                    Allocated to registers r2 r3 r4 
0151            884   ;j                         Allocated to registers r5 r6 
0151            885   ;------------------------------------------------------------
0151            886   ;        D:\Coding\2026\291\lab4\lab4.c:199: void LCDprint(char * string, unsigned char line, bit clear)
0151            887   ;        -----------------------------------------
0151            888   ;         function LCDprint
0151            889   ;        -----------------------------------------
0151            890   _LCDprint:
0151 AA82       891            mov     r2,dpl
0153 AB83       892            mov     r3,dph
0155 ACF0       893            mov     r4,b
0157            894   ;        D:\Coding\2026\291\lab4\lab4.c:203: WriteCommand(line==2?0xc0:0x80);
0157 7402       895            mov     a,#0x02
0159 B54020     896            cjne    a,_LCDprint_PARM_2,L011013?
015C 7DC0       897            mov     r5,#0xC0
015E 8000       898            sjmp    L011014?
0160            899   L011013?:
0160 7D80       900            mov     r5,#0x80
0162            901   L011014?:
0162 8D82       902            mov     dpl,r5
0164 C002       903            push    ar2
0166 C003       904            push    ar3
0168 C004       905            push    ar4
016A 120000     906            lcall   _WriteCommand
016D            907   ;        D:\Coding\2026\291\lab4\lab4.c:204: waitms(5);
016D 900005     908            mov     dptr,#0x0005
0170 120000     909            lcall   _waitms
0173 D004       910            pop     ar4
0175 D003       911            pop     ar3
0177 D002       912            pop     ar2
0179            913   ;        D:\Coding\2026\291\lab4\lab4.c:205: for(j=0; string[j]!=0; j++)         WriteData(string[j]);// Write the message
0179 7D00       914            mov     r5,#0x00
017B 7E00       915            mov     r6,#0x00
017D            916   L011003?:
017D ED         917            mov     a,r5
017E 2A         918            add     a,r2
017F FF         919            mov     r7,a
0180 EE         920            mov     a,r6
0181 3B         921            addc    a,r3
0182 F8         922            mov     r0,a
0183 8C01       923            mov     ar1,r4
0185 8F82       924            mov     dpl,r7
0187 8883       925            mov     dph,r0
0189 89F0       926            mov     b,r1
018B 120000     927            lcall   __gptrget
018E FF         928            mov     r7,a
018F 6000       929            jz      L011006?
0191 8F82       930            mov     dpl,r7
0193 C002       931            push    ar2
0195 C003       932            push    ar3
0197 C004       933            push    ar4
0199 C005       934            push    ar5
019B C006       935            push    ar6
019D 120000     936            lcall   _WriteData
01A0 D006       937            pop     ar6
01A2 D005       938            pop     ar5
01A4 D004       939            pop     ar4
01A6 D003       940            pop     ar3
01A8 D002       941            pop     ar2
01AA 0D         942            inc     r5
01AB BD00A0     943            cjne    r5,#0x00,L011003?
01AE 0E         944            inc     r6
01AF 8000       945            sjmp    L011003?
01B1            946   L011006?:
01B1            947   ;        D:\Coding\2026\291\lab4\lab4.c:206: if(clear) for(; j<CHARS_PER_LINE; j++) WriteData(' '); // Clear the rest of the line
01B1 30A060     948            jnb     _LCDprint_PARM_3,L011011?
01B4 8D02       949            mov     ar2,r5
01B6 8E03       950            mov     ar3,r6
01B8            951   L011007?:
01B8 C3         952            clr     c
01B9 EA         953            mov     a,r2
01BA 9410       954            subb    a,#0x10
01BC EB         955            mov     a,r3
01BD 6480       956            xrl     a,#0x80
01BF 9480       957            subb    a,#0x80
01C1 5000       958            jnc     L011011?
01C3 758220     959            mov     dpl,#0x20
01C6 C002       960            push    ar2
01C8 C003       961            push    ar3
01CA 120000     962            lcall   _WriteData
01CD D003       963            pop     ar3
01CF D002       964            pop     ar2
01D1 0A         965            inc     r2
01D2 BA00A0     966            cjne    r2,#0x00,L011007?
01D5 0B         967            inc     r3
01D6 8000       968            sjmp    L011007?
01D8            969   L011011?:
01D8 22         970            ret
01D9            971   ;------------------------------------------------------------
01D9            972   ;Allocation info for local variables in function 'float_to_str'
01D9            973   ;------------------------------------------------------------
01D9            974   ;buffer                    Allocated with name '_float_to_str_PARM_2'
01D9            975   ;number                    Allocated with name '_float_to_str_number_1_65'
01D9            976   ;number_holder             Allocated to registers r2 r3 
01D9            977   ;temp                      Allocated with name '_float_to_str_temp_1_66'
01D9            978   ;i                         Allocated with name '_float_to_str_i_1_66'
01D9            979   ;j                         Allocated to registers r5 
01D9            980   ;print_length              Allocated with name '_float_to_str_print_length_1_66'
01D9            981   ;------------------------------------------------------------
01D9            982   ;        D:\Coding\2026\291\lab4\lab4.c:210: void float_to_str(float number, char* buffer){
01D9            983   ;        -----------------------------------------
01D9            984   ;         function float_to_str
01D9            985   ;        -----------------------------------------
01D9            986   _float_to_str:
01D9            987   ;        D:\Coding\2026\291\lab4\lab4.c:217: number_holder = (unsigned int)number;
01D9 858290     988            mov     _float_to_str_number_1_65,dpl
01DC 858391     989            mov     (_float_to_str_number_1_65 + 1),dph
01DF 85F092     990            mov     (_float_to_str_number_1_65 + 2),b
01E2 F593       991            mov     (_float_to_str_number_1_65 + 3),a
01E4 120000     992            lcall   ___fs2uint
01E7 AE82       993            mov     r6,dpl
01E9 AF83       994            mov     r7,dph
01EB 8E02       995            mov     ar2,r6
01ED 8F03       996            mov     ar3,r7
01EF            997   ;        D:\Coding\2026\291\lab4\lab4.c:219: if(number_holder == 0) {
01EF EA         998            mov     a,r2
01F0 4B         999            orl     a,r3
01F1 7000      1000            jnz     L012018?
01F3           1001   ;        D:\Coding\2026\291\lab4\lab4.c:220: temp[0] = '0';
01F3 75E030    1002            mov     _float_to_str_temp_1_66,#0x30
01F6           1003   ;        D:\Coding\2026\291\lab4\lab4.c:221: i = 1;
01F6 020000    1004            ljmp    L012006?
01F9           1005   ;        D:\Coding\2026\291\lab4\lab4.c:226: while(number_holder > 0){
01F9           1006   L012018?:
01F9 753000    1007            mov     _float_to_str_i_1_66,#0x00
01FC           1008   L012001?:
01FC EA        1009            mov     a,r2
01FD 4B        1010            orl     a,r3
01FE 6000      1011            jz      L012003?
0200           1012   ;        D:\Coding\2026\291\lab4\lab4.c:227: temp[i] = (number_holder % 10) + '0';
0200 E530      1013            mov     a,_float_to_str_i_1_66
0202 24E0      1014            add     a,#_float_to_str_temp_1_66
0204 F8        1015            mov     r0,a
0205 75000A    1016            mov     __moduint_PARM_2,#0x0A
0208 E4        1017            clr     a
0209 F501      1018            mov     (__moduint_PARM_2 + 1),a
020B 8A82      1019            mov     dpl,r2
020D 8B83      1020            mov     dph,r3
020F C002      1021            push    ar2
0211 C003      1022            push    ar3
0213 C006      1023            push    ar6
0215 C007      1024            push    ar7
0217 C000      1025            push    ar0
0219 120000    1026            lcall   __moduint
021C AD82      1027            mov     r5,dpl
021E D000      1028            pop     ar0
0220 D007      1029            pop     ar7
0222 D006      1030            pop     ar6
0224 D003      1031            pop     ar3
0226 D002      1032            pop     ar2
0228 7430      1033            mov     a,#0x30
022A 2D        1034            add     a,r5
022B F6        1035            mov     @r0,a
022C           1036   ;        D:\Coding\2026\291\lab4\lab4.c:228: number_holder = number_holder / 10;
022C 75000A    1037            mov     __divuint_PARM_2,#0x0A
022F E4        1038            clr     a
0230 F501      1039            mov     (__divuint_PARM_2 + 1),a
0232 8A82      1040            mov     dpl,r2
0234 8B83      1041            mov     dph,r3
0236 C006      1042            push    ar6
0238 C007      1043            push    ar7
023A 120000    1044            lcall   __divuint
023D AA82      1045            mov     r2,dpl
023F AB83      1046            mov     r3,dph
0241 D007      1047            pop     ar7
0243 D006      1048            pop     ar6
0245           1049   ;        D:\Coding\2026\291\lab4\lab4.c:229: i++;
0245 0530      1050            inc     _float_to_str_i_1_66
0247 8000      1051            sjmp    L012001?
0249           1052   L012003?:
0249           1053   ;        D:\Coding\2026\291\lab4\lab4.c:232: number_holder = (unsigned int)(number * 100) - (unsigned int)(number) * 100;
0249 C006      1054            push    ar6
024B C007      1055            push    ar7
024D C090      1056            push    _float_to_str_number_1_65
024F C091      1057            push    (_float_to_str_number_1_65 + 1)
0251 C092      1058            push    (_float_to_str_number_1_65 + 2)
0253 C093      1059            push    (_float_to_str_number_1_65 + 3)
0255 900000    1060            mov     dptr,#0x0000
0258 75F0C8    1061            mov     b,#0xC8
025B 7442      1062            mov     a,#0x42
025D 120000    1063            lcall   ___fsmul
0260 AC82      1064            mov     r4,dpl
0262 AD83      1065            mov     r5,dph
0264 AEF0      1066            mov     r6,b
0266 FF        1067            mov     r7,a
0267 E581      1068            mov     a,sp
0269 24FC      1069            add     a,#0xfc
026B F581      1070            mov     sp,a
026D 8C82      1071            mov     dpl,r4
026F 8D83      1072            mov     dph,r5
0271 8EF0      1073            mov     b,r6
0273 EF        1074            mov     a,r7
0274 C006      1075            push    ar6
0276 C007      1076            push    ar7
0278 120000    1077            lcall   ___fs2uint
027B AC82      1078            mov     r4,dpl
027D AD83      1079            mov     r5,dph
027F D007      1080            pop     ar7
0281 D006      1081            pop     ar6
0283 8E00      1082            mov     __mulint_PARM_2,r6
0285 8F01      1083            mov     (__mulint_PARM_2 + 1),r7
0287 900064    1084            mov     dptr,#0x0064
028A C004      1085            push    ar4
028C C005      1086            push    ar5
028E 120000    1087            lcall   __mulint
0291 AE82      1088            mov     r6,dpl
0293 AF83      1089            mov     r7,dph
0295 D005      1090            pop     ar5
0297 D004      1091            pop     ar4
0299 EC        1092            mov     a,r4
029A C3        1093            clr     c
029B 9E        1094            subb    a,r6
029C FA        1095            mov     r2,a
029D ED        1096            mov     a,r5
029E 9F        1097            subb    a,r7
029F FB        1098            mov     r3,a
02A0           1099   ;        D:\Coding\2026\291\lab4\lab4.c:253: buffer[j+3] = '\0';
02A0 D007      1100            pop     ar7
02A2 D006      1101            pop     ar6
02A4           1102   ;        D:\Coding\2026\291\lab4\lab4.c:233: for(j = 0; j < 2; j++){
02A4 AC30      1103            mov     r4,_float_to_str_i_1_66
02A6 7D02      1104            mov     r5,#0x02
02A8           1105   L012009?:
02A8           1106   ;        D:\Coding\2026\291\lab4\lab4.c:234: temp[i] = (number_holder % 10) + '0';
02A8 EC        1107            mov     a,r4
02A9 24E0      1108            add     a,#_float_to_str_temp_1_66
02AB F8        1109            mov     r0,a
02AC 75000A    1110            mov     __moduint_PARM_2,#0x0A
02AF E4        1111            clr     a
02B0 F501      1112            mov     (__moduint_PARM_2 + 1),a
02B2 8A82      1113            mov     dpl,r2
02B4 8B83      1114            mov     dph,r3
02B6 C002      1115            push    ar2
02B8 C003      1116            push    ar3
02BA C004      1117            push    ar4
02BC C005      1118            push    ar5
02BE C000      1119            push    ar0
02C0 120000    1120            lcall   __moduint
02C3 AE82      1121            mov     r6,dpl
02C5 D000      1122            pop     ar0
02C7 D005      1123            pop     ar5
02C9 D004      1124            pop     ar4
02CB D003      1125            pop     ar3
02CD D002      1126            pop     ar2
02CF 7430      1127            mov     a,#0x30
02D1 2E        1128            add     a,r6
02D2 F6        1129            mov     @r0,a
02D3           1130   ;        D:\Coding\2026\291\lab4\lab4.c:235: number_holder = number_holder / 10;
02D3 75000A    1131            mov     __divuint_PARM_2,#0x0A
02D6 E4        1132            clr     a
02D7 F501      1133            mov     (__divuint_PARM_2 + 1),a
02D9 8A82      1134            mov     dpl,r2
02DB 8B83      1135            mov     dph,r3
02DD C004      1136            push    ar4
02DF C005      1137            push    ar5
02E1 120000    1138            lcall   __divuint
02E4 AA82      1139            mov     r2,dpl
02E6 AB83      1140            mov     r3,dph
02E8 D005      1141            pop     ar5
02EA D004      1142            pop     ar4
02EC           1143   ;        D:\Coding\2026\291\lab4\lab4.c:236: i++;
02EC 0C        1144            inc     r4
02ED DD40      1145            djnz    r5,L012009?
02EF           1146   ;        D:\Coding\2026\291\lab4\lab4.c:233: for(j = 0; j < 2; j++){
02EF           1147   ;        D:\Coding\2026\291\lab4\lab4.c:239: print_length = i - 1;
02EF EC        1148            mov     a,r4
02F0 14        1149            dec     a
02F1 F580      1150            mov     _float_to_str_print_length_1_66,a
02F3           1151   L012006?:
02F3           1152   ;        D:\Coding\2026\291\lab4\lab4.c:243: for(i = print_length-2; i >= 0; i--){
02F3 E580      1153            mov     a,_float_to_str_print_length_1_66
02F5 24FE      1154            add     a,#0xfe
02F7 FB        1155            mov     r3,a
02F8 7C00      1156            mov     r4,#0x00
02FA           1157   L012010?:
02FA EB        1158            mov     a,r3
02FB 20E7C0    1159            jb      acc.7,L012013?
02FE           1160   ;        D:\Coding\2026\291\lab4\lab4.c:244: buffer[j] = temp[i];
02FE EC        1161            mov     a,r4
02FF 25F0      1162            add     a,_float_to_str_PARM_2
0301 FD        1163            mov     r5,a
0302 E4        1164            clr     a
0303 35F1      1165            addc    a,(_float_to_str_PARM_2 + 1)
0305 FE        1166            mov     r6,a
0306 AFF2      1167            mov     r7,(_float_to_str_PARM_2 + 2)
0308 EB        1168            mov     a,r3
0309 24E0      1169            add     a,#_float_to_str_temp_1_66
030B F8        1170            mov     r0,a
030C 8602      1171            mov     ar2,@r0
030E 8D82      1172            mov     dpl,r5
0310 8E83      1173            mov     dph,r6
0312 8FF0      1174            mov     b,r7
0314 EA        1175            mov     a,r2
0315 120000    1176            lcall   __gptrput
0318           1177   ;        D:\Coding\2026\291\lab4\lab4.c:245: j++;        
0318 0C        1178            inc     r4
0319           1179   ;        D:\Coding\2026\291\lab4\lab4.c:243: for(i = print_length-2; i >= 0; i--){
0319 1B        1180            dec     r3
031A 8000      1181            sjmp    L012010?
031C           1182   L012013?:
031C           1183   ;        D:\Coding\2026\291\lab4\lab4.c:248: buffer[j] = '.';
031C EC        1184            mov     a,r4
031D 25F0      1185            add     a,_float_to_str_PARM_2
031F FA        1186            mov     r2,a
0320 E4        1187            clr     a
0321 35F1      1188            addc    a,(_float_to_str_PARM_2 + 1)
0323 FB        1189            mov     r3,a
0324 ADF2      1190            mov     r5,(_float_to_str_PARM_2 + 2)
0326 8A82      1191            mov     dpl,r2
0328 8B83      1192            mov     dph,r3
032A 8DF0      1193            mov     b,r5
032C 742E      1194            mov     a,#0x2E
032E 120000    1195            lcall   __gptrput
0331           1196   ;        D:\Coding\2026\291\lab4\lab4.c:251: buffer[j+1] = temp[print_length];
0331 EC        1197            mov     a,r4
0332 33        1198            rlc     a
0333 95E0      1199            subb    a,acc
0335 FA        1200            mov     r2,a
0336 7401      1201            mov     a,#0x01
0338 2C        1202            add     a,r4
0339 FB        1203            mov     r3,a
033A E4        1204            clr     a
033B 3A        1205            addc    a,r2
033C FD        1206            mov     r5,a
033D EB        1207            mov     a,r3
033E 25F0      1208            add     a,_float_to_str_PARM_2
0340 FB        1209            mov     r3,a
0341 ED        1210            mov     a,r5
0342 35F1      1211            addc    a,(_float_to_str_PARM_2 + 1)
0344 FD        1212            mov     r5,a
0345 AEF2      1213            mov     r6,(_float_to_str_PARM_2 + 2)
0347 E580      1214            mov     a,_float_to_str_print_length_1_66
0349 24E0      1215            add     a,#_float_to_str_temp_1_66
034B F8        1216            mov     r0,a
034C 8607      1217            mov     ar7,@r0
034E 8B82      1218            mov     dpl,r3
0350 8D83      1219            mov     dph,r5
0352 8EF0      1220            mov     b,r6
0354 EF        1221            mov     a,r7
0355 120000    1222            lcall   __gptrput
0358           1223   ;        D:\Coding\2026\291\lab4\lab4.c:252: buffer[j+2] = temp[print_length-1];
0358 7402      1224            mov     a,#0x02
035A 2C        1225            add     a,r4
035B FB        1226            mov     r3,a
035C E4        1227            clr     a
035D 3A        1228            addc    a,r2
035E FD        1229            mov     r5,a
035F EB        1230            mov     a,r3
0360 25F0      1231            add     a,_float_to_str_PARM_2
0362 FB        1232            mov     r3,a
0363 ED        1233            mov     a,r5
0364 35F1      1234            addc    a,(_float_to_str_PARM_2 + 1)
0366 FD        1235            mov     r5,a
0367 AEF2      1236            mov     r6,(_float_to_str_PARM_2 + 2)
0369 E580      1237            mov     a,_float_to_str_print_length_1_66
036B 14        1238            dec     a
036C 24E0      1239            add     a,#_float_to_str_temp_1_66
036E F8        1240            mov     r0,a
036F 8607      1241            mov     ar7,@r0
0371 8B82      1242            mov     dpl,r3
0373 8D83      1243            mov     dph,r5
0375 8EF0      1244            mov     b,r6
0377 EF        1245            mov     a,r7
0378 120000    1246            lcall   __gptrput
037B           1247   ;        D:\Coding\2026\291\lab4\lab4.c:253: buffer[j+3] = '\0';
037B 7403      1248            mov     a,#0x03
037D 2C        1249            add     a,r4
037E FC        1250            mov     r4,a
037F E4        1251            clr     a
0380 3A        1252            addc    a,r2
0381 FA        1253            mov     r2,a
0382 EC        1254            mov     a,r4
0383 25F0      1255            add     a,_float_to_str_PARM_2
0385 FC        1256            mov     r4,a
0386 EA        1257            mov     a,r2
0387 35F1      1258            addc    a,(_float_to_str_PARM_2 + 1)
0389 FA        1259            mov     r2,a
038A ABF2      1260            mov     r3,(_float_to_str_PARM_2 + 2)
038C 8C82      1261            mov     dpl,r4
038E 8A83      1262            mov     dph,r2
0390 8BF0      1263            mov     b,r3
0392 E4        1264            clr     a
0393 020000    1265            ljmp    __gptrput
0396           1266   ;------------------------------------------------------------
0396           1267   ;Allocation info for local variables in function 'main'
0396           1268   ;------------------------------------------------------------
0396           1269   ;F                         Allocated to registers 
0396           1270   ;capacitance               Allocated to registers r2 r3 r4 r5 
0396           1271   ;num_buff                  Allocated with name '_main_num_buff_1_73'
0396           1272   ;print_buff                Allocated with name '_main_print_buff_1_73'
0396           1273   ;------------------------------------------------------------
0396           1274   ;        D:\Coding\2026\291\lab4\lab4.c:256: void main (void) 
0396           1275   ;        -----------------------------------------
0396           1276   ;         function main
0396           1277   ;        -----------------------------------------
0396           1278   _main:
0396           1279   ;        D:\Coding\2026\291\lab4\lab4.c:263: TIMER0_Init();
0396 120000    1280            lcall   _TIMER0_Init
0399           1281   ;        D:\Coding\2026\291\lab4\lab4.c:264: LCD_4BIT();
0399 120000    1282            lcall   _LCD_4BIT
039C           1283   ;        D:\Coding\2026\291\lab4\lab4.c:266: waitms(500); // Give PuTTY a chance to start.
039C 9001F4    1284            mov     dptr,#0x01F4
039F 120000    1285            lcall   _waitms
03A2           1286   ;        D:\Coding\2026\291\lab4\lab4.c:267: printf("\x1b[2J"); // Clear screen using ANSI escape sequence.
03A2 7440      1287            mov     a,#__str_0
03A4 C0E0      1288            push    acc
03A6 74BD      1289            mov     a,#(__str_0 >> 8)
03A8 C0E0      1290            push    acc
03AA 7480      1291            mov     a,#0x80
03AC C0E0      1292            push    acc
03AE 120000    1293            lcall   _printf
03B1 1581      1294            dec     sp
03B3 1581      1295            dec     sp
03B5 1581      1296            dec     sp
03B7           1297   ;        D:\Coding\2026\291\lab4\lab4.c:272: __FILE__, __DATE__, __TIME__);
03B7           1298   ;        D:\Coding\2026\291\lab4\lab4.c:271: "Compiled: %s, %s\n\n",
03B7 74C0      1299            mov     a,#__str_4
03B9 C0E0      1300            push    acc
03BB 74BD      1301            mov     a,#(__str_4 >> 8)
03BD C0E0      1302            push    acc
03BF 7480      1303            mov     a,#0x80
03C1 C0E0      1304            push    acc
03C3 7400      1305            mov     a,#__str_3
03C5 C0E0      1306            push    acc
03C7 74BE      1307            mov     a,#(__str_3 >> 8)
03C9 C0E0      1308            push    acc
03CB 7480      1309            mov     a,#0x80
03CD C0E0      1310            push    acc
03CF 7440      1311            mov     a,#__str_2
03D1 C0E0      1312            push    acc
03D3 74BE      1313            mov     a,#(__str_2 >> 8)
03D5 C0E0      1314            push    acc
03D7 7480      1315            mov     a,#0x80
03D9 C0E0      1316            push    acc
03DB 7480      1317            mov     a,#__str_1
03DD C0E0      1318            push    acc
03DF 74BE      1319            mov     a,#(__str_1 >> 8)
03E1 C0E0      1320            push    acc
03E3 7480      1321            mov     a,#0x80
03E5 C0E0      1322            push    acc
03E7 120000    1323            lcall   _printf
03EA E581      1324            mov     a,sp
03EC 24F4      1325            add     a,#0xf4
03EE F581      1326            mov     sp,a
03F0           1327   ;        D:\Coding\2026\291\lab4\lab4.c:274: while(1)
03F0           1328   L013002?:
03F0           1329   ;        D:\Coding\2026\291\lab4\lab4.c:276: TL0=0;
03F0 758A00    1330            mov     _TL0,#0x00
03F3           1331   ;        D:\Coding\2026\291\lab4\lab4.c:277: TH0=0;
03F3 758C00    1332            mov     _TH0,#0x00
03F6           1333   ;        D:\Coding\2026\291\lab4\lab4.c:278: overflow_count=0;
03F6 758000    1334            mov     _overflow_count,#0x00
03F9           1335   ;        D:\Coding\2026\291\lab4\lab4.c:279: TF0=0;
03F9 C28D      1336            clr     _TF0
03FB           1337   ;        D:\Coding\2026\291\lab4\lab4.c:280: TR0=1; // Start Timer/Counter 0
03FB D28C      1338            setb    _TR0
03FD           1339   ;        D:\Coding\2026\291\lab4\lab4.c:281: waitms(1000);
03FD 9003E8    1340            mov     dptr,#0x03E8
0400 120000    1341            lcall   _waitms
0403           1342   ;        D:\Coding\2026\291\lab4\lab4.c:282: TR0=0; // Stop Timer/Counter 0
0403 C28C      1343            clr     _TR0
0405           1344   ;        D:\Coding\2026\291\lab4\lab4.c:283: F=overflow_count*0x10000L+TH0*0x100L+TL0;
0405 AA80      1345            mov     r2,_overflow_count
0407 7B00      1346            mov     r3,#0x00
0409 8B05      1347            mov     ar5,r3
040B 8A04      1348            mov     ar4,r2
040D 7B00      1349            mov     r3,#0x00
040F 7A00      1350            mov     r2,#0x00
0411 AE8C      1351            mov     r6,_TH0
0413 7F00      1352            mov     r7,#0x00
0415 7800      1353            mov     r0,#0x00
0417 8801      1354            mov     ar1,r0
0419 8F00      1355            mov     ar0,r7
041B 8E07      1356            mov     ar7,r6
041D 7E00      1357            mov     r6,#0x00
041F EE        1358            mov     a,r6
0420 2A        1359            add     a,r2
0421 FA        1360            mov     r2,a
0422 EF        1361            mov     a,r7
0423 3B        1362            addc    a,r3
0424 FB        1363            mov     r3,a
0425 E8        1364            mov     a,r0
0426 3C        1365            addc    a,r4
0427 FC        1366            mov     r4,a
0428 E9        1367            mov     a,r1
0429 3D        1368            addc    a,r5
042A FD        1369            mov     r5,a
042B AE8A      1370            mov     r6,_TL0
042D E4        1371            clr     a
042E FF        1372            mov     r7,a
042F 33        1373            rlc     a
0430 95E0      1374            subb    a,acc
0432 F8        1375            mov     r0,a
0433 F9        1376            mov     r1,a
0434 EE        1377            mov     a,r6
0435 2A        1378            add     a,r2
0436 F500      1379            mov     __mullong_PARM_2,a
0438 EF        1380            mov     a,r7
0439 3B        1381            addc    a,r3
043A F501      1382            mov     (__mullong_PARM_2 + 1),a
043C E8        1383            mov     a,r0
043D 3C        1384            addc    a,r4
043E F502      1385            mov     (__mullong_PARM_2 + 2),a
0440 E9        1386            mov     a,r1
0441 3D        1387            addc    a,r5
0442 F503      1388            mov     (__mullong_PARM_2 + 3),a
0444           1389   ;        D:\Coding\2026\291\lab4\lab4.c:286: capacitance = 1440000.0/((RA+2*RB)*F);
0444 907317    1390            mov     dptr,#0x7317
0447 E4        1391            clr     a
0448 F5F0      1392            mov     b,a
044A 120000    1393            lcall   __mullong
044D 120000    1394            lcall   ___ulong2fs
0450 AA82      1395            mov     r2,dpl
0452 AB83      1396            mov     r3,dph
0454 ACF0      1397            mov     r4,b
0456 FD        1398            mov     r5,a
0457 C002      1399            push    ar2
0459 C003      1400            push    ar3
045B C004      1401            push    ar4
045D C005      1402            push    ar5
045F 90C800    1403            mov     dptr,#0xC800
0462 75F0AF    1404            mov     b,#0xAF
0465 7449      1405            mov     a,#0x49
0467 120000    1406            lcall   ___fsdiv
046A AA82      1407            mov     r2,dpl
046C AB83      1408            mov     r3,dph
046E ACF0      1409            mov     r4,b
0470 FD        1410            mov     r5,a
0471 E581      1411            mov     a,sp
0473 24FC      1412            add     a,#0xfc
0475 F581      1413            mov     sp,a
0477           1414   ;        D:\Coding\2026\291\lab4\lab4.c:287: capacitance = capacitance * 1000;
0477 C002      1415            push    ar2
0479 C003      1416            push    ar3
047B C004      1417            push    ar4
047D C005      1418            push    ar5
047F 900000    1419            mov     dptr,#0x0000
0482 75F07A    1420            mov     b,#0x7A
0485 7444      1421            mov     a,#0x44
0487 120000    1422            lcall   ___fsmul
048A AA82      1423            mov     r2,dpl
048C AB83      1424            mov     r3,dph
048E ACF0      1425            mov     r4,b
0490 FD        1426            mov     r5,a
0491 E581      1427            mov     a,sp
0493 24FC      1428            add     a,#0xfc
0495 F581      1429            mov     sp,a
0497           1430   ;        D:\Coding\2026\291\lab4\lab4.c:290: float_to_str(capacitance, num_buff);
0497 75F0D0    1431            mov     _float_to_str_PARM_2,#_main_num_buff_1_73
049A 75F100    1432            mov     (_float_to_str_PARM_2 + 1),#0x00
049D 75F240    1433            mov     (_float_to_str_PARM_2 + 2),#0x40
04A0 8A82      1434            mov     dpl,r2
04A2 8B83      1435            mov     dph,r3
04A4 8CF0      1436            mov     b,r4
04A6 ED        1437            mov     a,r5
04A7 120000    1438            lcall   _float_to_str
04AA           1439   ;        D:\Coding\2026\291\lab4\lab4.c:294: strcpy(print_buff, "C = ");
04AA 750050    1440            mov     _strcpy_PARM_2,#__str_5
04AD 7501C0    1441            mov     (_strcpy_PARM_2 + 1),#(__str_5 >> 8)
04B0 750280    1442            mov     (_strcpy_PARM_2 + 2),#0x80
04B3 90B320    1443            mov     dptr,#_main_print_buff_1_73
04B6 75F040    1444            mov     b,#0x40
04B9 120000    1445            lcall   _strcpy
04BC           1446   ;        D:\Coding\2026\291\lab4\lab4.c:295: strcat(print_buff, num_buff);
04BC 7500D0    1447            mov     _strcat_PARM_2,#_main_num_buff_1_73
04BF 750100    1448            mov     (_strcat_PARM_2 + 1),#0x00
04C2 750240    1449            mov     (_strcat_PARM_2 + 2),#0x40
04C5 90B320    1450            mov     dptr,#_main_print_buff_1_73
04C8 75F040    1451            mov     b,#0x40
04CB 120000    1452            lcall   _strcat
04CE           1453   ;        D:\Coding\2026\291\lab4\lab4.c:296: strcat(print_buff, " nF");
04CE 750050    1454            mov     _strcat_PARM_2,#__str_6
04D1 7501C1    1455            mov     (_strcat_PARM_2 + 1),#(__str_6 >> 8)
04D4 750280    1456            mov     (_strcat_PARM_2 + 2),#0x80
04D7 90B320    1457            mov     dptr,#_main_print_buff_1_73
04DA 75F040    1458            mov     b,#0x40
04DD 120000    1459            lcall   _strcat
04E0           1460   ;        D:\Coding\2026\291\lab4\lab4.c:298: LCDprint(print_buff, 1, 1);
04E0 754001    1461            mov     _LCDprint_PARM_2,#0x01
04E3 D2A0      1462            setb    _LCDprint_PARM_3
04E5 90B320    1463            mov     dptr,#_main_print_buff_1_73
04E8 75F040    1464            mov     b,#0x40
04EB 120000    1465            lcall   _LCDprint
04EE           1466   ;        D:\Coding\2026\291\lab4\lab4.c:299: printf("%s\n", print_buff); 
04EE 7420      1467            mov     a,#_main_print_buff_1_73
04F0 C0E0      1468            push    acc
04F2 74B3      1469            mov     a,#(_main_print_buff_1_73 >> 8)
04F4 C0E0      1470            push    acc
04F6 7440      1471            mov     a,#0x40
04F8 C0E0      1472            push    acc
04FA 7490      1473            mov     a,#__str_7
04FC C0E0      1474            push    acc
04FE 74C1      1475            mov     a,#(__str_7 >> 8)
0500 C0E0      1476            push    acc
0502 7480      1477            mov     a,#0x80
0504 C0E0      1478            push    acc
0506 120000    1479            lcall   _printf
0509 E581      1480            mov     a,sp
050B 24FA      1481            add     a,#0xfa
050D F581      1482            mov     sp,a
050F           1483   ;        D:\Coding\2026\291\lab4\lab4.c:302: printf("\x1b[0K"); // ANSI: Clear from cursor to end of line.
050F 74D0      1484            mov     a,#__str_8
0511 C0E0      1485            push    acc
0513 74C1      1486            mov     a,#(__str_8 >> 8)
0515 C0E0      1487            push    acc
0517 7480      1488            mov     a,#0x80
0519 C0E0      1489            push    acc
051B 120000    1490            lcall   _printf
051E 1581      1491            dec     sp
0520 1581      1492            dec     sp
0522 1581      1493            dec     sp
0524 020000    1494            ljmp    L013002?
0527           1495            rseg R_CSEG
0527           1496   
0000           1497            rseg R_XINIT
0000           1498   
0000           1499            rseg R_CONST
0000           1500   __str_0:
0000 1B        1501            db 0x1B
0001 5B324A    1502            db '[2J'
0004 00        1503            db 0x00
0005           1504   __str_1:
0005 45464D38  1505            db 'EFM8 Frequency measurement using Timer/Counter 0.'
     20467265
     7175656E
     6379206D
     65617375
     72656D65
     6E742075
     73696E67
     2054696D
     65722F43
     6F756E74
     65722030
     2E
0036 0A        1506            db 0x0A
0037 46696C65  1507            db 'File: %s'
     3A202573
003F 0A        1508            db 0x0A
0040 43        1509            db 'C'
0041 6F6D7069  1510            db 'ompiled: %s, %s'
     6C65643A
     2025732C
     202573
0050 0A        1511            db 0x0A
0051 0A        1512            db 0x0A
0052 00        1513            db 0x00
0053           1514   __str_2:
0053 443A      1515            db 'D:'
0055 5C        1516            db 0x5C
0056 436F6469  1517            db 'Coding'
     6E67
005C 5C        1518            db 0x5C
005D 32303236  1519            db '2026'
0061 5C        1520            db 0x5C
0062 323931    1521            db '291'
0065 5C        1522            db 0x5C
0066 6C616234  1523            db 'lab4'
006A 5C        1524            db 0x5C
006B 6C616234  1525            db 'lab4.c'
     2E63
0071 00        1526            db 0x00
0072           1527   __str_3:
0072 46656220  1528            db 'Feb 22 2026'
     32322032
     303236
007D 00        1529            db 0x00
007E           1530   __str_4:
007E 31373A35  1531            db '17:52:38'
     323A3338
0086 00        1532            db 0x00
0087           1533   __str_5:
0087 43203D20  1534            db 'C = '
008B 00        1535            db 0x00
008C           1536   __str_6:
008C 206E46    1537            db ' nF'
008F 00        1538            db 0x00
0090           1539   __str_7:
0090 2573      1540            db '%s'
0092 0A        1541            db 0x0A
0093 00        1542            db 0x00
0094           1543   __str_8:
0094 1B        1544            db 0x1B
0095 5B304B    1545            db '[0K'
0098 00        1546            db 0x00
0099           1547   
0003           1548            CSEG
0003           1549   
0003           1550   end
